<?xml version="1.0" encoding="UTF-8"?>
<!-- Generated by org.testng.reporters.JUnitReportReporter -->
<testsuite hostname="ATMECSINLT-083" failures="0" tests="8" name="com.cleartrip.testscripts.CleartripLoginPage2" time="39.999" errors="0" timestamp="04 Sep 2019 07:09:03 GMT" skipped="0">
  <testcase classname="com.cleartrip.testscripts.CleartripLoginPage2" name="homepage" time="4.685"/>
  <testcase classname="com.cleartrip.testscripts.CleartripLoginPage2" name="fromPlace" time="1.162"/>
  <testcase classname="com.cleartrip.testscripts.CleartripLoginPage2" name="toPlace" time="3.828"/>
  <testcase classname="com.cleartrip.testscripts.CleartripLoginPage2" name="dateOfJourney" time="0.493"/>
  <testcase classname="com.cleartrip.testscripts.CleartripLoginPage2" name="searchFlight" time="0.194"/>
  <testcase classname="com.cleartrip.testscripts.CleartripLoginPage2" name="selectFlight" time="18.802"/>
  <testcase classname="com.cleartrip.testscripts.CleartripLoginPage2" name="accepttermsCheckbox" time="5.225"/>
  <testcase classname="com.cleartrip.testscripts.CleartripLoginPage2" name="continueBooking" time="5.610"/>
</testsuite> <!-- com.cleartrip.testscripts.CleartripLoginPage2 -->
