<?xml version="1.0" encoding="UTF-8"?>
<!-- Generated by org.testng.reporters.JUnitReportReporter -->
<testsuite hostname="ATMECSINLT-083" failures="0" tests="1" name="com.cleartrip.testscripts.LoginPage" time="19.775" errors="0" timestamp="03 Sep 2019 04:39:47 GMT" skipped="0">
  <testcase classname="com.cleartrip.testscripts.LoginPage" name="loginpage" time="19.775"/>
</testsuite> <!-- com.cleartrip.testscripts.LoginPage -->
