<?xml version="1.0" encoding="UTF-8"?>
<!-- Generated by org.testng.reporters.JUnitReportReporter -->
<testsuite hostname="ATMECSINLT-083" failures="0" tests="10" name="com.cleartrip.testscripts.ClearTripLoginPage3" time="42.063" errors="0" timestamp="04 Sep 2019 07:13:14 GMT" skipped="0">
  <testcase classname="com.cleartrip.testscripts.ClearTripLoginPage3" name="homepage" time="4.132"/>
  <testcase classname="com.cleartrip.testscripts.ClearTripLoginPage3" name="fromPlace" time="1.205"/>
  <testcase classname="com.cleartrip.testscripts.ClearTripLoginPage3" name="toPlace" time="3.973"/>
  <testcase classname="com.cleartrip.testscripts.ClearTripLoginPage3" name="dateOfJourney" time="0.471"/>
  <testcase classname="com.cleartrip.testscripts.ClearTripLoginPage3" name="searchFlight" time="0.219"/>
  <testcase classname="com.cleartrip.testscripts.ClearTripLoginPage3" name="selectFlight" time="15.401"/>
  <testcase classname="com.cleartrip.testscripts.ClearTripLoginPage3" name="accepttermsCheckbox" time="5.213"/>
  <testcase classname="com.cleartrip.testscripts.ClearTripLoginPage3" name="continueBooking" time="5.837"/>
  <testcase classname="com.cleartrip.testscripts.ClearTripLoginPage3" name="emailAddress" time="5.364"/>
  <testcase classname="com.cleartrip.testscripts.ClearTripLoginPage3" name="emailAddressContinue" time="0.248"/>
</testsuite> <!-- com.cleartrip.testscripts.ClearTripLoginPage3 -->
