<?xml version="1.0" encoding="UTF-8"?>
<!-- Generated by org.testng.reporters.JUnitReportReporter -->
<testsuite hostname="ATMECSINLT-083" failures="0" tests="6" name="com.cleartrip.testscripts.ClearTripLoginPage1" time="27.193" errors="0" timestamp="04 Sep 2019 13:20:25 GMT" skipped="0">
  <testcase classname="com.cleartrip.testscripts.ClearTripLoginPage1" name="homepage" time="7.066"/>
  <testcase classname="com.cleartrip.testscripts.ClearTripLoginPage1" name="fromPlace" time="1.166"/>
  <testcase classname="com.cleartrip.testscripts.ClearTripLoginPage1" name="toPlace" time="3.893"/>
  <testcase classname="com.cleartrip.testscripts.ClearTripLoginPage1" name="dateOfJourney" time="0.446"/>
  <testcase classname="com.cleartrip.testscripts.ClearTripLoginPage1" name="searchFlight" time="0.211"/>
  <testcase classname="com.cleartrip.testscripts.ClearTripLoginPage1" name="selectFlight" time="14.411"/>
</testsuite> <!-- com.cleartrip.testscripts.ClearTripLoginPage1 -->
